<?xml version="1.0" encoding="UTF-8"?>
<testng-results ignored="0" total="1" passed="1" failed="0" skipped="0">
  <reporter-output>
  </reporter-output>
  <suite started-at="2023-12-29T21:20:06 IST" name="Default suite" finished-at="2023-12-29T21:20:06 IST" duration-ms="121">
    <groups>
    </groups>
    <test started-at="2023-12-29T21:20:06 IST" name="Default test" finished-at="2023-12-29T21:20:06 IST" duration-ms="121">
      <class name="stream.example.StreamTestExample">
        <test-method signature="regular()[pri:0, instance:stream.example.StreamTestExample@6e9175d8]" started-at="2023-12-29T21:20:06 IST" name="regular" finished-at="2023-12-29T21:20:06 IST" duration-ms="18" status="PASS">
          <reporter-output>
          </reporter-output>
        </test-method> <!-- regular -->
      </class> <!-- stream.example.StreamTestExample -->
    </test> <!-- Default test -->
  </suite> <!-- Default suite -->
</testng-results>
